Warning[207] E:\HOMEWORK\LEGGO.X\NEWPIC_8B_SIMPLE.ASM 21 : Found label after column 1. (RST)
Message[305] E:\HOMEWORK\LEGGO.X\NEWPIC_8B_SIMPLE.ASM 26 : Using default destination of 1 (file).
Message[302] E:\HOMEWORK\LEGGO.X\NEWPIC_8B_SIMPLE.ASM 30 : Register in operand not in bank 0.  Ensure that bank bits are correct.
Message[302] E:\HOMEWORK\LEGGO.X\NEWPIC_8B_SIMPLE.ASM 36 : Register in operand not in bank 0.  Ensure that bank bits are correct.
Warning[207] E:\HOMEWORK\LEGGO.X\NEWPIC_8B_SIMPLE.ASM 39 : Found label after column 1. (main)
Message[302] E:\HOMEWORK\LEGGO.X\NEWPIC_8B_SIMPLE.ASM 41 : Register in operand not in bank 0.  Ensure that bank bits are correct.
Message[302] E:\HOMEWORK\LEGGO.X\NEWPIC_8B_SIMPLE.ASM 49 : Register in operand not in bank 0.  Ensure that bank bits are correct.
Message[302] E:\HOMEWORK\LEGGO.X\NEWPIC_8B_SIMPLE.ASM 52 : Register in operand not in bank 0.  Ensure that bank bits are correct.
Message[302] E:\HOMEWORK\LEGGO.X\NEWPIC_8B_SIMPLE.ASM 54 : Register in operand not in bank 0.  Ensure that bank bits are correct.
Message[302] E:\HOMEWORK\LEGGO.X\NEWPIC_8B_SIMPLE.ASM 55 : Register in operand not in bank 0.  Ensure that bank bits are correct.
Message[302] E:\HOMEWORK\LEGGO.X\NEWPIC_8B_SIMPLE.ASM 57 : Register in operand not in bank 0.  Ensure that bank bits are correct.
Message[302] E:\HOMEWORK\LEGGO.X\NEWPIC_8B_SIMPLE.ASM 58 : Register in operand not in bank 0.  Ensure that bank bits are correct.
Message[302] E:\HOMEWORK\LEGGO.X\NEWPIC_8B_SIMPLE.ASM 61 : Register in operand not in bank 0.  Ensure that bank bits are correct.
Message[302] E:\HOMEWORK\LEGGO.X\NEWPIC_8B_SIMPLE.ASM 64 : Register in operand not in bank 0.  Ensure that bank bits are correct.
Message[302] E:\HOMEWORK\LEGGO.X\NEWPIC_8B_SIMPLE.ASM 70 : Register in operand not in bank 0.  Ensure that bank bits are correct.
Message[302] E:\HOMEWORK\LEGGO.X\NEWPIC_8B_SIMPLE.ASM 73 : Register in operand not in bank 0.  Ensure that bank bits are correct.
Message[302] E:\HOMEWORK\LEGGO.X\NEWPIC_8B_SIMPLE.ASM 79 : Register in operand not in bank 0.  Ensure that bank bits are correct.
Message[302] E:\HOMEWORK\LEGGO.X\NEWPIC_8B_SIMPLE.ASM 82 : Register in operand not in bank 0.  Ensure that bank bits are correct.
Message[302] E:\HOMEWORK\LEGGO.X\NEWPIC_8B_SIMPLE.ASM 85 : Register in operand not in bank 0.  Ensure that bank bits are correct.
Message[302] E:\HOMEWORK\LEGGO.X\NEWPIC_8B_SIMPLE.ASM 106 : Register in operand not in bank 0.  Ensure that bank bits are correct.
Message[302] E:\HOMEWORK\LEGGO.X\NEWPIC_8B_SIMPLE.ASM 109 : Register in operand not in bank 0.  Ensure that bank bits are correct.
Message[302] E:\HOMEWORK\LEGGO.X\NEWPIC_8B_SIMPLE.ASM 111 : Register in operand not in bank 0.  Ensure that bank bits are correct.
Message[302] E:\HOMEWORK\LEGGO.X\NEWPIC_8B_SIMPLE.ASM 114 : Register in operand not in bank 0.  Ensure that bank bits are correct.
Message[302] E:\HOMEWORK\LEGGO.X\NEWPIC_8B_SIMPLE.ASM 116 : Register in operand not in bank 0.  Ensure that bank bits are correct.
Message[302] E:\HOMEWORK\LEGGO.X\NEWPIC_8B_SIMPLE.ASM 119 : Register in operand not in bank 0.  Ensure that bank bits are correct.
Message[302] E:\HOMEWORK\LEGGO.X\NEWPIC_8B_SIMPLE.ASM 121 : Register in operand not in bank 0.  Ensure that bank bits are correct.
Message[302] E:\HOMEWORK\LEGGO.X\NEWPIC_8B_SIMPLE.ASM 124 : Register in operand not in bank 0.  Ensure that bank bits are correct.
Warning[205] E:\HOMEWORK\LEGGO.X\NEWPIC_8B_SIMPLE.ASM 132 : Found directive in column 1. (end)
