Warning[207] E:\HOMEWORK\S05.X\KEYTYPE.ASM 11 : Found label after column 1. (KEY_FINAL)
Warning[207] E:\HOMEWORK\S05.X\KEYTYPE.ASM 12 : Found label after column 1. (KEY_BEFORE)
Warning[207] E:\HOMEWORK\S05.X\KEYTYPE.ASM 13 : Found label after column 1. (STATE)
Warning[207] E:\HOMEWORK\S05.X\KEYTYPE.ASM 14 : Found label after column 1. (STATE_BEFORE)
Warning[207] E:\HOMEWORK\S05.X\KEYTYPE.ASM 15 : Found label after column 1. (M_CNT)
Warning[207] E:\HOMEWORK\S05.X\KEYTYPE.ASM 16 : Found label after column 1. (N_CNT)
Warning[207] E:\HOMEWORK\S05.X\KEYTYPE.ASM 17 : Found label after column 1. (R_LONG)
Warning[207] E:\HOMEWORK\S05.X\KEYTYPE.ASM 18 : Found label after column 1. (L1_LONG)
Warning[207] E:\HOMEWORK\S05.X\KEYTYPE.ASM 19 : Found label after column 1. (L2_LONG)
Warning[207] E:\HOMEWORK\S05.X\KEYTYPE.ASM 20 : Found label after column 1. (L3_LONG)
Warning[207] E:\HOMEWORK\S05.X\KEYTYPE.ASM 21 : Found label after column 1. (TYPE)
Warning[207] E:\HOMEWORK\S05.X\KEYTYPE.ASM 22 : Found label after column 1. (TYPE_BEFORE)
Warning[207] E:\HOMEWORK\S05.X\KEYTYPE.ASM 23 : Found label after column 1. (CURRENT_COUNT)
Message[302] E:\HOMEWORK\S05.X\KEYTYPE.ASM 68 : Register in operand not in bank 0.  Ensure that bank bits are correct.
Message[302] E:\HOMEWORK\S05.X\KEYTYPE.ASM 74 : Register in operand not in bank 0.  Ensure that bank bits are correct.
Warning[207] E:\HOMEWORK\S05.X\KEYTYPE.ASM 139 : Found label after column 1. (INEQUAL)
Warning[207] E:\HOMEWORK\S05.X\KEYTYPE.ASM 146 : Found label after column 1. (EQUAL)
Warning[207] E:\HOMEWORK\S05.X\KEYTYPE.ASM 153 : Found label after column 1. (ONE_TO_ZERO)
Message[305] E:\HOMEWORK\S05.X\KEYTYPE.ASM 154 : Using default destination of 1 (file).
Warning[207] E:\HOMEWORK\S05.X\KEYTYPE.ASM 157 : Found label after column 1. (ZERO_TO_ONE)
Message[305] E:\HOMEWORK\S05.X\KEYTYPE.ASM 158 : Using default destination of 1 (file).
Warning[207] E:\HOMEWORK\S05.X\KEYTYPE.ASM 163 : Found label after column 1. (ZERO_TO_ZERO)
Message[305] E:\HOMEWORK\S05.X\KEYTYPE.ASM 164 : Using default destination of 1 (file).
Warning[207] E:\HOMEWORK\S05.X\KEYTYPE.ASM 171 : Found label after column 1. (CLEAR_M_CNT)
Warning[207] E:\HOMEWORK\S05.X\KEYTYPE.ASM 176 : Found label after column 1. (ZERO_CONTINUE)
Warning[207] E:\HOMEWORK\S05.X\KEYTYPE.ASM 183 : Found label after column 1. (DOUBLE_PRESS)
Warning[207] E:\HOMEWORK\S05.X\KEYTYPE.ASM 190 : Found label after column 1. (ZERO_CONTINUE_CONTIUNE)
Warning[207] E:\HOMEWORK\S05.X\KEYTYPE.ASM 198 : Found label after column 1. (LONG_PRESS)
Warning[207] E:\HOMEWORK\S05.X\KEYTYPE.ASM 203 : Found label after column 1. (ONE_TO_ONE)
Message[305] E:\HOMEWORK\S05.X\KEYTYPE.ASM 204 : Using default destination of 1 (file).
Message[305] E:\HOMEWORK\S05.X\KEYTYPE.ASM 205 : Using default destination of 1 (file).
Warning[207] E:\HOMEWORK\S05.X\KEYTYPE.ASM 212 : Found label after column 1. (CLEAR_N_CNT)
Warning[207] E:\HOMEWORK\S05.X\KEYTYPE.ASM 217 : Found label after column 1. (ONE_CONTINUE)
Warning[207] E:\HOMEWORK\S05.X\KEYTYPE.ASM 224 : Found label after column 1. (ADD_M_CNT)
Warning[207] E:\HOMEWORK\S05.X\KEYTYPE.ASM 229 : Found label after column 1. (ONE_CONTINUE_CONTIUNE)
Warning[207] E:\HOMEWORK\S05.X\KEYTYPE.ASM 237 : Found label after column 1. (SHORT_PRESS)
Warning[207] E:\HOMEWORK\S05.X\KEYTYPE.ASM 242 : Found label after column 1. (NO_CHANGE_KEL_END)
Warning[207] E:\HOMEWORK\S05.X\KEYTYPE.ASM 259 : Found label after column 1. (CHANGE_TYPE)
Warning[207] E:\HOMEWORK\S05.X\KEYTYPE.ASM 306 : Found label after column 1. (COUNT_ONE)
Message[305] E:\HOMEWORK\S05.X\KEYTYPE.ASM 307 : Using default destination of 1 (file).
Warning[207] E:\HOMEWORK\S05.X\KEYTYPE.ASM 311 : Found label after column 1. (COUNT_TWO)
Message[305] E:\HOMEWORK\S05.X\KEYTYPE.ASM 312 : Using default destination of 1 (file).
Warning[207] E:\HOMEWORK\S05.X\KEYTYPE.ASM 316 : Found label after column 1. (COUNT_THREE)
Message[305] E:\HOMEWORK\S05.X\KEYTYPE.ASM 317 : Using default destination of 1 (file).
Warning[207] E:\HOMEWORK\S05.X\KEYTYPE.ASM 321 : Found label after column 1. (COUNT_FOUR)
Message[305] E:\HOMEWORK\S05.X\KEYTYPE.ASM 322 : Using default destination of 1 (file).
Warning[207] E:\HOMEWORK\S05.X\KEYTYPE.ASM 326 : Found label after column 1. (COUNT_FIVE)
Message[305] E:\HOMEWORK\S05.X\KEYTYPE.ASM 327 : Using default destination of 1 (file).
Warning[207] E:\HOMEWORK\S05.X\KEYTYPE.ASM 331 : Found label after column 1. (COUNT_SIX)
Message[305] E:\HOMEWORK\S05.X\KEYTYPE.ASM 332 : Using default destination of 1 (file).
Warning[207] E:\HOMEWORK\S05.X\KEYTYPE.ASM 336 : Found label after column 1. (COUNT_SEVEN)
Message[305] E:\HOMEWORK\S05.X\KEYTYPE.ASM 337 : Using default destination of 1 (file).
Warning[207] E:\HOMEWORK\S05.X\KEYTYPE.ASM 341 : Found label after column 1. (COUNT_EIGHT)
Message[305] E:\HOMEWORK\S05.X\KEYTYPE.ASM 342 : Using default destination of 1 (file).
Warning[207] E:\HOMEWORK\S05.X\KEYTYPE.ASM 346 : Found label after column 1. (COUNT_NINE)
Message[305] E:\HOMEWORK\S05.X\KEYTYPE.ASM 347 : Using default destination of 1 (file).
Warning[207] E:\HOMEWORK\S05.X\KEYTYPE.ASM 351 : Found label after column 1. (COUNT_TEN)
Message[305] E:\HOMEWORK\S05.X\KEYTYPE.ASM 352 : Using default destination of 1 (file).
Warning[207] E:\HOMEWORK\S05.X\KEYTYPE.ASM 357 : Found label after column 1. (COUNT_CHANGE_END)
Warning[207] E:\HOMEWORK\S05.X\KEYTYPE.ASM 360 : Found label after column 1. (DISPLAY)
Warning[207] E:\HOMEWORK\S05.X\KEYTYPE.ASM 367 : Found label after column 1. (LIGHTNING)
Warning[207] E:\HOMEWORK\S05.X\KEYTYPE.ASM 375 : Found label after column 1. (DISPALY_KEY)
Message[305] E:\HOMEWORK\S05.X\KEYTYPE.ASM 377 : Using default destination of 1 (file).
Message[305] E:\HOMEWORK\S05.X\KEYTYPE.ASM 381 : Using default destination of 1 (file).
Message[305] E:\HOMEWORK\S05.X\KEYTYPE.ASM 385 : Using default destination of 1 (file).
Message[305] E:\HOMEWORK\S05.X\KEYTYPE.ASM 393 : Using default destination of 1 (file).
Warning[207] E:\HOMEWORK\S05.X\KEYTYPE.ASM 405 : Found label after column 1. (loop)
